<?xml version="1.0" encoding="UTF-8"?>
<!-- Generated by org.testng.reporters.JUnitXMLReporter -->
<testsuite ignored="0" hostname="BA-000311839" failures="1" tests="2" name="Test" time="5.354" errors="0" timestamp="2023-03-29T21:37:43 PDT">
  <testcase classname="com.yourstore.testcases.IndexPageTest" name="verifyLogo" time="0.018">
    <failure type="java.lang.AssertionError" message="expected [true] but found [false]">
      <![CDATA[java.lang.AssertionError: expected [true] but found [false]
at com.yourstore.testcases.IndexPageTest.verifyLogo(IndexPageTest.java:31)
at java.base/java.util.ArrayList.forEach(ArrayList.java:1511)
... Removed 31 stack frames]]>
    </failure>
  </testcase> <!-- verifyLogo -->
  <testcase classname="com.yourstore.testcases.IndexPageTest" name="verifyTitle" time="0.004"/>
</testsuite> <!-- Test -->
